Arguments: 
  /Users/andy/.nvm/versions/node/v14.16.0/bin/node /Users/andy/.nvm/versions/node/v14.16.0/bin/yarn

PATH: 
  /usr/local/opt/mysql-client/bin:/Users/andy/.composer/vendor/bin:/Users/andy/Users/andy/Library/Android/sdk/platform-tools:/Users/andy/.nvm/versions/node/v14.16.0:/Users/andy/.nvm/versions/node/v14.16.0/bin:/usr/local/bin:/usr/bin:/bin:/usr/sbin:/sbin:/usr/local/opt/mysql-client/bin:/Users/andy/.composer/vendor/bin:/Users/andy/Users/andy/Library/Android/sdk/platform-tools:/Users/andy/.nvm/versions/node/v14.16.0:/Users/andy/.nvm/versions/node/v14.16.0/bin

Yarn version: 
  1.22.10

Node version: 
  14.16.0

Platform: 
  darwin x64

Trace: 
  SyntaxError: /Users/andy/projects/kata/package.json: Unexpected token } in JSON at position 592
      at JSON.parse (<anonymous>)
      at /Users/andy/.nvm/versions/node/v14.16.0/lib/node_modules/yarn/lib/cli.js:1625:59
      at Generator.next (<anonymous>)
      at step (/Users/andy/.nvm/versions/node/v14.16.0/lib/node_modules/yarn/lib/cli.js:310:30)
      at /Users/andy/.nvm/versions/node/v14.16.0/lib/node_modules/yarn/lib/cli.js:321:13

npm manifest: 
  {
    "name": "@weflocc/kata",
    "version": "0.0.4",
    "description": "Core dependencies for kata sites",
    "main": "index.js",
    "scripts": {
      "test": "echo \"Error: no test specified\" && exit 1"
    },
    "repository": {
      "type": "git",
      "url": "git+ssh://git@github.com/weflocc/kata.git"
    },
    "author": "andy@flocc.co",
    "license": "ISC",
    "bugs": {
      "url": "https://github.com/weflocc/kata/issues"
    },
    "homepage": "https://github.com/weflocc/kata#readme",
    "dependencies": {
      "get-youtube-id": "^1.0.1",
      "lodash.camelcase": "^4.3.0",
      "react-icons": "^4.2.0",
    }
  }

yarn manifest: 
  No manifest

Lockfile: 
  No lockfile
